<?xml version="1.0" encoding="UTF-8"?>
<!-- Generated by org.testng.reporters.JUnitReportReporter -->
<testsuite skipped="0" hostname="DESKTOP-IM89DI8" name="com.training.sanity.tests.ELearningAdminCreateCategoryELTC_047" tests="1" failures="0" timestamp="2019-10-31T11:46:38 IST" time="90.080" errors="0">
  <testcase name="validLoginTest" time="90.080" classname="com.training.sanity.tests.ELearningAdminCreateCategoryELTC_047"/>
</testsuite> <!-- com.training.sanity.tests.ELearningAdminCreateCategoryELTC_047 -->
