<?xml version="1.0" encoding="UTF-8"?>
<!-- Generated by org.testng.reporters.JUnitReportReporter -->
<testsuite skipped="0" hostname="DESKTOP-IM89DI8" name="com.training.sanity.tests.ELearningLoginELTC_017" tests="1" failures="0" timestamp="2019-10-24T13:11:54 IST" time="32.342" errors="0">
  <testcase name="validLoginTest" time="32.342" classname="com.training.sanity.tests.ELearningLoginELTC_017"/>
</testsuite> <!-- com.training.sanity.tests.ELearningLoginELTC_017 -->
