<?xml version="1.0" encoding="UTF-8"?>
<!-- Generated by org.testng.reporters.JUnitReportReporter -->
<testsuite skipped="0" hostname="DESKTOP-IM89DI8" name="com.training.sanity.tests.ELearningPasswordChangeELTC_018" tests="1" failures="0" timestamp="2019-10-31T11:44:11 IST" time="50.375" errors="0">
  <testcase name="validLoginTest" time="50.375" classname="com.training.sanity.tests.ELearningPasswordChangeELTC_018"/>
</testsuite> <!-- com.training.sanity.tests.ELearningPasswordChangeELTC_018 -->
