<?xml version="1.0" encoding="UTF-8"?>
<!-- Generated by org.testng.reporters.JUnitReportReporter -->
<testsuite skipped="0" hostname="DESKTOP-IM89DI8" name="com.training.sanity.tests.ELearningLogoutELTC_016" tests="1" failures="0" timestamp="2019-10-31T11:44:11 IST" time="48.727" errors="0">
  <testcase name="validLoginTest" time="48.727" classname="com.training.sanity.tests.ELearningLogoutELTC_016"/>
</testsuite> <!-- com.training.sanity.tests.ELearningLogoutELTC_016 -->
